Copyright 1986-2015 Xilinx, Inc. All Rights Reserved.
-----------------------------------------------------------------------------------------------------------------------------------------
| Tool Version     : Vivado v.2015.2 (lin64) Build 1266856 Fri Jun 26 16:35:25 MDT 2015
| Date             : Tue May  3 17:34:14 2016
| Host             : haifeng-pc running 64-bit Ubuntu 14.04.4 LTS
| Command          : report_power -file zynq_design_1_wrapper_power_routed.rpt -pb zynq_design_1_wrapper_power_summary_routed.pb
| Design           : zynq_design_1_wrapper
| Device           : xc7z100ffg900-2
| Design State     : Routed
| Grade            : commercial
| Process          : typical
| Characterization : Production
-----------------------------------------------------------------------------------------------------------------------------------------

Power Report

Table of Contents
-----------------
1. Summary
1.1 On-Chip Components
1.2 Power Supply Summary
1.3 Confidence Level
2. Settings
2.1 Environment
2.2 Clock Constraints
3. Detailed Reports
3.1 By Hierarchy

1. Summary
----------

+--------------------------+-------+
| Total On-Chip Power (W)  | 1.833 |
| Dynamic (W)              | 1.554 |
| Device Static (W)        | 0.279 |
| Effective TJA (C/W)      | 1.8   |
| Max Ambient (C)          | 81.8  |
| Junction Temperature (C) | 28.2  |
| Confidence Level         | Low   |
| Setting File             | ---   |
| Simulation Activity File | ---   |
| Design Nets Matched      | NA    |
+--------------------------+-------+


1.1 On-Chip Components
----------------------

+-------------------------+-----------+----------+-----------+-----------------+
| On-Chip                 | Power (W) | Used     | Available | Utilization (%) |
+-------------------------+-----------+----------+-----------+-----------------+
| Clocks                  |     0.007 |        3 |       --- |             --- |
| Slice Logic             |     0.004 |     7593 |       --- |             --- |
|   LUT as Logic          |     0.004 |     2494 |    277400 |            0.90 |
|   Register              |    <0.001 |     3206 |    554800 |            0.58 |
|   CARRY4                |    <0.001 |      108 |     69350 |            0.16 |
|   F7/F8 Muxes           |    <0.001 |      266 |    277400 |            0.10 |
|   LUT as Shift Register |    <0.001 |      457 |    108200 |            0.42 |
|   Others                |     0.000 |      384 |       --- |             --- |
| Signals                 |     0.007 |     5378 |       --- |             --- |
| I/O                     |     0.006 |       62 |       362 |           17.13 |
| PS7                     |     1.530 |        1 |       --- |             --- |
| Static Power            |     0.279 |          |           |                 |
| Total                   |     1.833 |          |           |                 |
+-------------------------+-----------+----------+-----------+-----------------+


1.2 Power Supply Summary
------------------------

+-----------+-------------+-----------+-------------+------------+
| Source    | Voltage (V) | Total (A) | Dynamic (A) | Static (A) |
+-----------+-------------+-----------+-------------+------------+
| Vccint    |       1.000 |     0.093 |       0.019 |      0.074 |
| Vccaux    |       1.800 |     0.063 |       0.000 |      0.063 |
| Vcco33    |       3.300 |     0.000 |       0.000 |      0.000 |
| Vcco25    |       2.500 |     0.001 |       0.000 |      0.001 |
| Vcco18    |       1.800 |     0.004 |       0.003 |      0.001 |
| Vcco15    |       1.500 |     0.001 |       0.000 |      0.001 |
| Vcco135   |       1.350 |     0.000 |       0.000 |      0.000 |
| Vcco12    |       1.200 |     0.000 |       0.000 |      0.000 |
| Vccaux_io |       1.800 |     0.000 |       0.000 |      0.000 |
| Vccbram   |       1.000 |     0.002 |       0.000 |      0.002 |
| MGTAVcc   |       1.000 |     0.000 |       0.000 |      0.000 |
| MGTAVtt   |       1.200 |     0.000 |       0.000 |      0.000 |
| MGTVccaux |       1.800 |     0.000 |       0.000 |      0.000 |
| Vccpint   |       1.000 |     0.735 |       0.717 |      0.018 |
| Vccpaux   |       1.800 |     0.062 |       0.051 |      0.010 |
| Vccpll    |       1.800 |     0.017 |       0.014 |      0.003 |
| Vcco_ddr  |       1.500 |     0.459 |       0.457 |      0.002 |
| Vcco_mio0 |       1.800 |     0.004 |       0.003 |      0.001 |
| Vcco_mio1 |       1.800 |     0.003 |       0.002 |      0.001 |
| Vccadc    |       1.800 |     0.020 |       0.000 |      0.020 |
+-----------+-------------+-----------+-------------+------------+


1.3 Confidence Level
--------------------

+-----------------------------+------------+--------------------------------------------------------+------------------------------------------------------------------------------------------------------------+
| User Input Data             | Confidence | Details                                                | Action                                                                                                     |
+-----------------------------+------------+--------------------------------------------------------+------------------------------------------------------------------------------------------------------------+
| Design implementation state | High       | Design is routed                                       |                                                                                                            |
| Clock nodes activity        | High       | User specified more than 95% of clocks                 |                                                                                                            |
| I/O nodes activity          | Low        | More than 75% of inputs are missing user specification | Provide missing input activity with simulation results or by editing the "By Resource Type -> I/Os" view   |
| Internal nodes activity     | Medium     | User specified less than 25% of internal nodes         | Provide missing internal nodes activity with simulation results or by editing the "By Resource Type" views |
| Device models               | High       | Device models are Production                           |                                                                                                            |
|                             |            |                                                        |                                                                                                            |
| Overall confidence level    | Low        |                                                        |                                                                                                            |
+-----------------------------+------------+--------------------------------------------------------+------------------------------------------------------------------------------------------------------------+


2. Settings
-----------

2.1 Environment
---------------

+-----------------------+--------------------------+
| Ambient Temp (C)      | 25.0                     |
| ThetaJA (C/W)         | 1.8                      |
| Airflow (LFM)         | 250                      |
| Heat Sink             | medium (Medium Profile)  |
| ThetaSA (C/W)         | 3.3                      |
| Board Selection       | medium (10"x10")         |
| # of Board Layers     | 12to15 (12 to 15 Layers) |
| Board Temperature (C) | 25.0                     |
+-----------------------+--------------------------+


2.2 Clock Constraints
---------------------

+------------+------------------------------------------------------------------+-----------------+
| Clock      | Domain                                                           | Constraint (ns) |
+------------+------------------------------------------------------------------+-----------------+
| clk_fpga_0 | zynq_design_1_i/processing_system7_1/inst/FCLK_CLK_unbuffered[0] |            20.0 |
+------------+------------------------------------------------------------------+-----------------+


3. Detailed Reports
-------------------

3.1 By Hierarchy
----------------

+--------------------------------------------------------------+-----------+
| Name                                                         | Power (W) |
+--------------------------------------------------------------+-----------+
| zynq_design_1_wrapper                                        |     1.554 |
|   emc_intf_dq_iobuf_0                                        |    <0.001 |
|   emc_intf_dq_iobuf_1                                        |    <0.001 |
|   emc_intf_dq_iobuf_10                                       |    <0.001 |
|   emc_intf_dq_iobuf_11                                       |    <0.001 |
|   emc_intf_dq_iobuf_12                                       |    <0.001 |
|   emc_intf_dq_iobuf_13                                       |    <0.001 |
|   emc_intf_dq_iobuf_14                                       |    <0.001 |
|   emc_intf_dq_iobuf_15                                       |    <0.001 |
|   emc_intf_dq_iobuf_2                                        |    <0.001 |
|   emc_intf_dq_iobuf_3                                        |    <0.001 |
|   emc_intf_dq_iobuf_4                                        |    <0.001 |
|   emc_intf_dq_iobuf_5                                        |    <0.001 |
|   emc_intf_dq_iobuf_6                                        |    <0.001 |
|   emc_intf_dq_iobuf_7                                        |    <0.001 |
|   emc_intf_dq_iobuf_8                                        |    <0.001 |
|   emc_intf_dq_iobuf_9                                        |    <0.001 |
|   zynq_design_1_i                                            |     1.548 |
|     axi_emc_1                                                |     0.006 |
|       U0                                                     |     0.006 |
|         AXI_EMC_NATIVE_INTERFACE_I                           |     0.003 |
|           AXI_EMC_ADDRESS_DECODE_INSTANCE_I                  |    <0.001 |
|           AXI_EMC_ADDR_GEN_INSTANCE_I                        |    <0.001 |
|           RDATA_FIFO_I                                       |     0.003 |
|             CNTR_INCR_DECR_ADDN_F_I                          |     0.002 |
|             DYNSHREG_F_I                                     |     0.001 |
|         EMC_CTRL_I                                           |     0.002 |
|           ADDR_COUNTER_MUX_I                                 |    <0.001 |
|             DATAWIDTH_MATCH_GEN.CYCLE_END_CNTR_I             |    <0.001 |
|           COUNTERS_I                                         |    <0.001 |
|             THZCNT_I                                         |    <0.001 |
|             TLZCNT_I                                         |    <0.001 |
|             TPACCCNT_I                                       |    <0.001 |
|             TRDCNT_I                                         |    <0.001 |
|             TWPHCNT_I                                        |    <0.001 |
|             TWRCNT_I                                         |    <0.001 |
|             T_WRREC_CNT_I                                    |    <0.001 |
|           IO_REGISTERS_I                                     |    <0.001 |
|           IPIC_IF_I                                          |    <0.001 |
|             BURST_CNT                                        |    <0.001 |
|           MEM_STATE_MACHINE_I                                |    <0.001 |
|           MEM_STEER_I                                        |    <0.001 |
|     axi_gpio_1                                               |    <0.001 |
|       U0                                                     |    <0.001 |
|         AXI_LITE_IPIF_I                                      |    <0.001 |
|           I_SLAVE_ATTACHMENT                                 |    <0.001 |
|             I_DECODER                                        |    <0.001 |
|         gpio_core_1                                          |    <0.001 |
|           Not_Dual.INPUT_DOUBLE_REGS3                        |    <0.001 |
|     axi_gpio_2                                               |    <0.001 |
|       U0                                                     |    <0.001 |
|         AXI_LITE_IPIF_I                                      |    <0.001 |
|           I_SLAVE_ATTACHMENT                                 |    <0.001 |
|             I_DECODER                                        |    <0.001 |
|         gpio_core_1                                          |    <0.001 |
|           Not_Dual.INPUT_DOUBLE_REGS3                        |    <0.001 |
|     axi_gpio_3                                               |    <0.001 |
|       U0                                                     |    <0.001 |
|         AXI_LITE_IPIF_I                                      |    <0.001 |
|           I_SLAVE_ATTACHMENT                                 |    <0.001 |
|             I_DECODER                                        |    <0.001 |
|         gpio_core_1                                          |    <0.001 |
|     proc_sys_reset                                           |    <0.001 |
|       U0                                                     |    <0.001 |
|         EXT_LPF                                              |    <0.001 |
|           ACTIVE_LOW_EXT.ACT_LO_EXT                          |    <0.001 |
|         SEQ                                                  |    <0.001 |
|           SEQ_COUNTER                                        |    <0.001 |
|     processing_system7_1                                     |     1.530 |
|       inst                                                   |     1.530 |
|     processing_system7_1_axi_periph                          |     0.011 |
|       m00_couplers                                           |     0.002 |
|         auto_pc                                              |     0.002 |
|           inst                                               |     0.002 |
|             gen_axilite.gen_b2s_conv.axilite_b2s             |     0.002 |
|               RD.ar_channel_0                                |    <0.001 |
|                 ar_cmd_fsm_0                                 |    <0.001 |
|                 cmd_translator_0                             |    <0.001 |
|                   incr_cmd_0                                 |    <0.001 |
|                   wrap_cmd_0                                 |    <0.001 |
|               RD.r_channel_0                                 |    <0.001 |
|                 rd_data_fifo_0                               |    <0.001 |
|                 transaction_fifo_0                           |    <0.001 |
|               SI_REG                                         |    <0.001 |
|                 ar_pipe                                      |    <0.001 |
|                 aw_pipe                                      |    <0.001 |
|                 b_pipe                                       |    <0.001 |
|                 r_pipe                                       |    <0.001 |
|               WR.aw_channel_0                                |    <0.001 |
|                 aw_cmd_fsm_0                                 |    <0.001 |
|                 cmd_translator_0                             |    <0.001 |
|                   incr_cmd_0                                 |    <0.001 |
|                   wrap_cmd_0                                 |    <0.001 |
|               WR.b_channel_0                                 |    <0.001 |
|                 bid_fifo_0                                   |    <0.001 |
|                 bresp_fifo_0                                 |    <0.001 |
|       m01_couplers                                           |     0.002 |
|         auto_pc                                              |     0.002 |
|           inst                                               |     0.002 |
|             gen_axilite.gen_b2s_conv.axilite_b2s             |     0.002 |
|               RD.ar_channel_0                                |    <0.001 |
|                 ar_cmd_fsm_0                                 |    <0.001 |
|                 cmd_translator_0                             |    <0.001 |
|                   incr_cmd_0                                 |    <0.001 |
|                   wrap_cmd_0                                 |    <0.001 |
|               RD.r_channel_0                                 |    <0.001 |
|                 rd_data_fifo_0                               |    <0.001 |
|                 transaction_fifo_0                           |    <0.001 |
|               SI_REG                                         |    <0.001 |
|                 ar_pipe                                      |    <0.001 |
|                 aw_pipe                                      |    <0.001 |
|                 b_pipe                                       |    <0.001 |
|                 r_pipe                                       |    <0.001 |
|               WR.aw_channel_0                                |    <0.001 |
|                 aw_cmd_fsm_0                                 |    <0.001 |
|                 cmd_translator_0                             |    <0.001 |
|                   incr_cmd_0                                 |    <0.001 |
|                   wrap_cmd_0                                 |    <0.001 |
|               WR.b_channel_0                                 |    <0.001 |
|                 bid_fifo_0                                   |    <0.001 |
|                 bresp_fifo_0                                 |    <0.001 |
|       m02_couplers                                           |     0.003 |
|         auto_pc                                              |     0.003 |
|           inst                                               |     0.003 |
|             gen_axilite.gen_b2s_conv.axilite_b2s             |     0.003 |
|               RD.ar_channel_0                                |    <0.001 |
|                 ar_cmd_fsm_0                                 |    <0.001 |
|                 cmd_translator_0                             |    <0.001 |
|                   incr_cmd_0                                 |    <0.001 |
|                   wrap_cmd_0                                 |    <0.001 |
|               RD.r_channel_0                                 |    <0.001 |
|                 rd_data_fifo_0                               |    <0.001 |
|                 transaction_fifo_0                           |    <0.001 |
|               SI_REG                                         |    <0.001 |
|                 ar_pipe                                      |    <0.001 |
|                 aw_pipe                                      |    <0.001 |
|                 b_pipe                                       |    <0.001 |
|                 r_pipe                                       |    <0.001 |
|               WR.aw_channel_0                                |    <0.001 |
|                 aw_cmd_fsm_0                                 |    <0.001 |
|                 cmd_translator_0                             |    <0.001 |
|                   incr_cmd_0                                 |    <0.001 |
|                   wrap_cmd_0                                 |    <0.001 |
|               WR.b_channel_0                                 |    <0.001 |
|                 bid_fifo_0                                   |    <0.001 |
|                 bresp_fifo_0                                 |    <0.001 |
|       s00_couplers                                           |     0.000 |
|         auto_pc                                              |     0.000 |
|       xbar                                                   |     0.004 |
|         inst                                                 |     0.004 |
|           gen_samd.crossbar_samd                             |     0.004 |
|             addr_arbiter_ar                                  |    <0.001 |
|             addr_arbiter_aw                                  |    <0.001 |
|             gen_decerr_slave.decerr_slave_inst               |    <0.001 |
|             gen_master_slots[0].reg_slice_mi                 |    <0.001 |
|               b_pipe                                         |    <0.001 |
|               r_pipe                                         |    <0.001 |
|             gen_master_slots[1].reg_slice_mi                 |    <0.001 |
|               b_pipe                                         |    <0.001 |
|               r_pipe                                         |    <0.001 |
|             gen_master_slots[2].reg_slice_mi                 |    <0.001 |
|               b_pipe                                         |    <0.001 |
|               r_pipe                                         |    <0.001 |
|             gen_master_slots[3].reg_slice_mi                 |    <0.001 |
|               b_pipe                                         |    <0.001 |
|               r_pipe                                         |    <0.001 |
|             gen_master_slots[4].reg_slice_mi                 |    <0.001 |
|               b_pipe                                         |    <0.001 |
|               r_pipe                                         |    <0.001 |
|             gen_slave_slots[0].gen_si_read.si_transactor_ar  |    <0.001 |
|               gen_multi_thread.arbiter_resp_inst             |    <0.001 |
|               gen_multi_thread.mux_resp_multi_thread         |    <0.001 |
|             gen_slave_slots[0].gen_si_write.si_transactor_aw |    <0.001 |
|               gen_multi_thread.arbiter_resp_inst             |    <0.001 |
|               gen_multi_thread.mux_resp_multi_thread         |    <0.001 |
|             gen_slave_slots[0].gen_si_write.splitter_aw_si   |    <0.001 |
|             gen_slave_slots[0].gen_si_write.wdata_router_w   |    <0.001 |
|               wrouter_aw_fifo                                |    <0.001 |
|                 gen_srls[0].gen_rep[0].srl_nx1               |    <0.001 |
|                 gen_srls[0].gen_rep[1].srl_nx1               |    <0.001 |
|                 gen_srls[0].gen_rep[2].srl_nx1               |    <0.001 |
|             splitter_aw_mi                                   |    <0.001 |
|     xlconstant_0                                             |     0.000 |
+--------------------------------------------------------------+-----------+


